0 info it worked if it ends with ok
1 verbose cli [
1 verbose cli   'C:\\Program Files\\nodejs\\node.exe',
1 verbose cli   'C:\\Program Files\\nodejs\\node_modules\\npm\\bin\\npm-cli.js',
1 verbose cli   'install',
1 verbose cli   'bootstrap@4.6.0',
1 verbose cli   'react-bootstrap@1.5.2'
1 verbose cli ]
2 info using npm@6.13.4
3 info using node@v12.16.1
4 verbose npm-session 6ae98b19230cd3fd
5 silly install loadCurrentTree
6 silly install readLocalPackageData
7 silly fetchPackageMetaData error for bootstrap@4.6.0 request to https://registry.npmjs.org/bootstrap failed, reason: getaddrinfo ENOTFOUND registry.npmjs.org
8 silly fetchPackageMetaData error for react-bootstrap@1.5.2 request to https://registry.npmjs.org/react-bootstrap failed, reason: getaddrinfo ENOTFOUND registry.npmjs.org
9 timing stage:rollbackFailedOptional Completed in 5ms
10 timing stage:runTopLevelLifecycles Completed in 15472ms
11 verbose type system
12 verbose stack FetchError: request to https://registry.npmjs.org/bootstrap failed, reason: getaddrinfo ENOTFOUND registry.npmjs.org
12 verbose stack     at ClientRequest.<anonymous> (C:\Program Files\nodejs\node_modules\npm\node_modules\node-fetch-npm\src\index.js:68:14)
12 verbose stack     at ClientRequest.emit (events.js:311:20)
12 verbose stack     at TLSSocket.socketErrorListener (_http_client.js:426:9)
12 verbose stack     at TLSSocket.emit (events.js:311:20)
12 verbose stack     at emitErrorNT (internal/streams/destroy.js:92:8)
12 verbose stack     at emitErrorAndCloseNT (internal/streams/destroy.js:60:3)
12 verbose stack     at processTicksAndRejections (internal/process/task_queues.js:84:21)
13 verbose cwd C:\Users\Fujitsu Lifebook\Documents\ibeas-ianmarcus\capstone03\react-ecommerce
14 verbose Windows_NT 10.0.18363
15 verbose argv "C:\\Program Files\\nodejs\\node.exe" "C:\\Program Files\\nodejs\\node_modules\\npm\\bin\\npm-cli.js" "install" "bootstrap@4.6.0" "react-bootstrap@1.5.2"
16 verbose node v12.16.1
17 verbose npm  v6.13.4
18 error code ENOTFOUND
19 error errno ENOTFOUND
20 error network request to https://registry.npmjs.org/bootstrap failed, reason: getaddrinfo ENOTFOUND registry.npmjs.org
21 error network This is a problem related to network connectivity.
21 error network In most cases you are behind a proxy or have bad network settings.
21 error network
21 error network If you are behind a proxy, please make sure that the
21 error network 'proxy' config is set properly.  See: 'npm help config'
22 verbose exit [ 1, true ]
